
＝＝＝＝＝＝＝＝＝＝                                   
【日志级别】ERROR                                   
【记录时间】2018-06-13 22:54:09,669                                   
【线程编号】[17]                                   
【执行时间】[56245]毫秒                                   
【出错文件】E:\pzh\CSharpSource\P2SP\UserComponents\DownLoadService\HttpDownLoadTask.cs                                   
【出错行号】141                                   
【出错的类】logerror 属性[(null)]                                   
【错误描述】118741218,178111826                                   
【错误详情】

＝＝＝＝＝＝＝＝＝＝                                   
【日志级别】ERROR                                   
【记录时间】2018-06-13 22:54:09,670                                   
【线程编号】[13]                                   
【执行时间】[56245]毫秒                                   
【出错文件】E:\pzh\CSharpSource\P2SP\UserComponents\DownLoadService\HttpDownLoadTask.cs                                   
【出错行号】141                                   
【出错的类】logerror 属性[(null)]                                   
【错误描述】59370609,118741217                                   
【错误详情】

＝＝＝＝＝＝＝＝＝＝                                   
【日志级别】ERROR                                   
【记录时间】2018-06-13 22:54:09,670                                   
【线程编号】[16]                                   
【执行时间】[56245]毫秒                                   
【出错文件】E:\pzh\CSharpSource\P2SP\UserComponents\DownLoadService\HttpDownLoadTask.cs                                   
【出错行号】141                                   
【出错的类】logerror 属性[(null)]                                   
【错误描述】0,59370608                                   
【错误详情】

＝＝＝＝＝＝＝＝＝＝                                   
【日志级别】ERROR                                   
【记录时间】2018-06-13 22:54:09,670                                   
【线程编号】[19]                                   
【执行时间】[56246]毫秒                                   
【出错文件】E:\pzh\CSharpSource\P2SP\UserComponents\DownLoadService\HttpDownLoadTask.cs                                   
【出错行号】141                                   
【出错的类】logerror 属性[(null)]                                   
【错误描述】178111827,237482435                                   
【错误详情】

＝＝＝＝＝＝＝＝＝＝                                   
【日志级别】ERROR                                   
【记录时间】2018-06-13 22:54:09,671                                   
【线程编号】[18]                                   
【执行时间】[56246]毫秒                                   
【出错文件】E:\pzh\CSharpSource\P2SP\UserComponents\DownLoadService\HttpDownLoadTask.cs                                   
【出错行号】141                                   
【出错的类】logerror 属性[(null)]                                   
【错误描述】237482436,296853042                                   
【错误详情】

＝＝＝＝＝＝＝＝＝＝                                   
【日志级别】ERROR                                   
【记录时间】2018-06-13 22:54:25,778                                   
【线程编号】[16]                                   
【执行时间】[72354]毫秒                                   
【出错文件】E:\pzh\CSharpSource\P2SP\UserComponents\DownLoadService\HttpDownLoadTask.cs                                   
【出错行号】141                                   
【出错的类】logerror 属性[(null)]                                   
【错误描述】0,59370608                                   
【错误详情】

＝＝＝＝＝＝＝＝＝＝                                   
【日志级别】ERROR                                   
【记录时间】2018-06-13 22:54:25,779                                   
【线程编号】[17]                                   
【执行时间】[72355]毫秒                                   
【出错文件】E:\pzh\CSharpSource\P2SP\UserComponents\DownLoadService\HttpDownLoadTask.cs                                   
【出错行号】141                                   
【出错的类】logerror 属性[(null)]                                   
【错误描述】237482436,296853042                                   
【错误详情】

＝＝＝＝＝＝＝＝＝＝                                   
【日志级别】ERROR                                   
【记录时间】2018-06-13 22:54:25,781                                   
【线程编号】[15]                                   
【执行时间】[72357]毫秒                                   
【出错文件】E:\pzh\CSharpSource\P2SP\UserComponents\DownLoadService\HttpDownLoadTask.cs                                   
【出错行号】141                                   
【出错的类】logerror 属性[(null)]                                   
【错误描述】62827394,118741217                                   
【错误详情】

＝＝＝＝＝＝＝＝＝＝                                   
【日志级别】ERROR                                   
【记录时间】2018-06-13 22:54:25,786                                   
【线程编号】[18]                                   
【执行时间】[72362]毫秒                                   
【出错文件】E:\pzh\CSharpSource\P2SP\UserComponents\DownLoadService\HttpDownLoadTask.cs                                   
【出错行号】141                                   
【出错的类】logerror 属性[(null)]                                   
【错误描述】121689682,178111826                                   
【错误详情】

＝＝＝＝＝＝＝＝＝＝                                   
【日志级别】ERROR                                   
【记录时间】2018-06-13 22:54:25,787                                   
【线程编号】[19]                                   
【执行时间】[72362]毫秒                                   
【出错文件】E:\pzh\CSharpSource\P2SP\UserComponents\DownLoadService\HttpDownLoadTask.cs                                   
【出错行号】141                                   
【出错的类】logerror 属性[(null)]                                   
【错误描述】178111827,237482435                                   
【错误详情】

＝＝＝＝＝＝＝＝＝＝                                   
【日志级别】ERROR                                   
【记录时间】2018-06-13 22:56:45,284                                   
【线程编号】[16]                                   
【执行时间】[6821]毫秒                                   
【出错文件】E:\pzh\CSharpSource\P2SP\UserComponents\DownLoadService\HttpDownLoadTask.cs                                   
【出错行号】142                                   
【出错的类】logerror 属性[(null)]                                   
【错误描述】121689682,178111826                                   
【错误详情】

＝＝＝＝＝＝＝＝＝＝                                   
【日志级别】ERROR                                   
【记录时间】2018-06-13 22:56:45,286                                   
【线程编号】[17]                                   
【执行时间】[6823]毫秒                                   
【出错文件】E:\pzh\CSharpSource\P2SP\UserComponents\DownLoadService\HttpDownLoadTask.cs                                   
【出错行号】142                                   
【出错的类】logerror 属性[(null)]                                   
【错误描述】240445300,296853042                                   
【错误详情】

＝＝＝＝＝＝＝＝＝＝                                   
【日志级别】ERROR                                   
【记录时间】2018-06-13 22:56:45,284                                   
【线程编号】[18]                                   
【执行时间】[6821]毫秒                                   
【出错文件】E:\pzh\CSharpSource\P2SP\UserComponents\DownLoadService\HttpDownLoadTask.cs                                   
【出错行号】142                                   
【出错的类】logerror 属性[(null)]                                   
【错误描述】62827394,118741217                                   
【错误详情】

＝＝＝＝＝＝＝＝＝＝                                   
【日志级别】ERROR                                   
【记录时间】2018-06-13 22:56:45,291                                   
【线程编号】[15]                                   
【执行时间】[6828]毫秒                                   
【出错文件】E:\pzh\CSharpSource\P2SP\UserComponents\DownLoadService\HttpDownLoadTask.cs                                   
【出错行号】142                                   
【出错的类】logerror 属性[(null)]                                   
【错误描述】178111827,237482435                                   
【错误详情】

＝＝＝＝＝＝＝＝＝＝                                   
【日志级别】ERROR                                   
【记录时间】2018-06-13 22:56:45,291                                   
【线程编号】[14]                                   
【执行时间】[6828]毫秒                                   
【出错文件】E:\pzh\CSharpSource\P2SP\UserComponents\DownLoadService\HttpDownLoadTask.cs                                   
【出错行号】142                                   
【出错的类】logerror 属性[(null)]                                   
【错误描述】3268153,59370608                                   
【错误详情】

＝＝＝＝＝＝＝＝＝＝                                   
【日志级别】ERROR                                   
【记录时间】2018-06-13 22:57:20,103                                   
【线程编号】[22]                                   
【执行时间】[41640]毫秒                                   
【出错文件】E:\pzh\CSharpSource\P2SP\UserComponents\DownLoadService\HttpDownLoadTask.cs                                   
【出错行号】142                                   
【出错的类】logerror 属性[(null)]                                   
【错误描述】8393898,59370608                                   
【错误详情】

＝＝＝＝＝＝＝＝＝＝                                   
【日志级别】ERROR                                   
【记录时间】2018-06-13 22:57:20,103                                   
【线程编号】[24]                                   
【执行时间】[41640]毫秒                                   
【出错文件】E:\pzh\CSharpSource\P2SP\UserComponents\DownLoadService\HttpDownLoadTask.cs                                   
【出错行号】142                                   
【出错的类】logerror 属性[(null)]                                   
【错误描述】246941922,296853042                                   
【错误详情】

＝＝＝＝＝＝＝＝＝＝                                   
【日志级别】ERROR                                   
【记录时间】2018-06-13 22:57:20,104                                   
【线程编号】[26]                                   
【执行时间】[41641]毫秒                                   
【出错文件】E:\pzh\CSharpSource\P2SP\UserComponents\DownLoadService\HttpDownLoadTask.cs                                   
【出错行号】142                                   
【出错的类】logerror 属性[(null)]                                   
【错误描述】62827394,118741217                                   
【错误详情】

＝＝＝＝＝＝＝＝＝＝                                   
【日志级别】ERROR                                   
【记录时间】2018-06-13 22:57:20,105                                   
【线程编号】[23]                                   
【执行时间】[41642]毫秒                                   
【出错文件】E:\pzh\CSharpSource\P2SP\UserComponents\DownLoadService\HttpDownLoadTask.cs                                   
【出错行号】142                                   
【出错的类】logerror 属性[(null)]                                   
【错误描述】121689682,178111826                                   
【错误详情】

＝＝＝＝＝＝＝＝＝＝                                   
【日志级别】ERROR                                   
【记录时间】2018-06-13 22:57:20,112                                   
【线程编号】[25]                                   
【执行时间】[41649]毫秒                                   
【出错文件】E:\pzh\CSharpSource\P2SP\UserComponents\DownLoadService\HttpDownLoadTask.cs                                   
【出错行号】142                                   
【出错的类】logerror 属性[(null)]                                   
【错误描述】178111827,237482435                                   
【错误详情】

＝＝＝＝＝＝＝＝＝＝                                   
【日志级别】ERROR                                   
【记录时间】2018-06-13 23:03:16,160                                   
【线程编号】[17]                                   
【执行时间】[6631]毫秒                                   
【出错文件】E:\pzh\CSharpSource\P2SP\UserComponents\DownLoadService\HttpDownLoadTask.cs                                   
【出错行号】142                                   
【出错的类】logerror 属性[(null)]                                   
【错误描述】178111827,237482435                                   
【错误详情】

＝＝＝＝＝＝＝＝＝＝                                   
【日志级别】ERROR                                   
【记录时间】2018-06-13 23:03:16,161                                   
【线程编号】[16]                                   
【执行时间】[6632]毫秒                                   
【出错文件】E:\pzh\CSharpSource\P2SP\UserComponents\DownLoadService\HttpDownLoadTask.cs                                   
【出错行号】142                                   
【出错的类】logerror 属性[(null)]                                   
【错误描述】66844339,118741217                                   
【错误详情】

＝＝＝＝＝＝＝＝＝＝                                   
【日志级别】ERROR                                   
【记录时间】2018-06-13 23:03:16,161                                   
【线程编号】[15]                                   
【执行时间】[6632]毫秒                                   
【出错文件】E:\pzh\CSharpSource\P2SP\UserComponents\DownLoadService\HttpDownLoadTask.cs                                   
【出错行号】142                                   
【出错的类】logerror 属性[(null)]                                   
【错误描述】8393898,59370608                                   
【错误详情】

＝＝＝＝＝＝＝＝＝＝                                   
【日志级别】ERROR                                   
【记录时间】2018-06-13 23:03:16,162                                   
【线程编号】[18]                                   
【执行时间】[6633]毫秒                                   
【出错文件】E:\pzh\CSharpSource\P2SP\UserComponents\DownLoadService\HttpDownLoadTask.cs                                   
【出错行号】142                                   
【出错的类】logerror 属性[(null)]                                   
【错误描述】121689682,178111826                                   
【错误详情】

＝＝＝＝＝＝＝＝＝＝                                   
【日志级别】ERROR                                   
【记录时间】2018-06-13 23:03:16,160                                   
【线程编号】[19]                                   
【执行时间】[6631]毫秒                                   
【出错文件】E:\pzh\CSharpSource\P2SP\UserComponents\DownLoadService\HttpDownLoadTask.cs                                   
【出错行号】142                                   
【出错的类】logerror 属性[(null)]                                   
【错误描述】251627024,296853042                                   
【错误详情】

＝＝＝＝＝＝＝＝＝＝                                   
【日志级别】ERROR                                   
【记录时间】2018-06-13 23:03:47,431                                   
【线程编号】[23]                                   
【执行时间】[37903]毫秒                                   
【出错文件】E:\pzh\CSharpSource\P2SP\UserComponents\DownLoadService\HttpDownLoadTask.cs                                   
【出错行号】142                                   
【出错的类】logerror 属性[(null)]                                   
【错误描述】251627024,296853042                                   
【错误详情】

＝＝＝＝＝＝＝＝＝＝                                   
【日志级别】ERROR                                   
【记录时间】2018-06-13 23:03:47,432                                   
【线程编号】[26]                                   
【执行时间】[37904]毫秒                                   
【出错文件】E:\pzh\CSharpSource\P2SP\UserComponents\DownLoadService\HttpDownLoadTask.cs                                   
【出错行号】142                                   
【出错的类】logerror 属性[(null)]                                   
【错误描述】12251003,59370608                                   
【错误详情】

＝＝＝＝＝＝＝＝＝＝                                   
【日志级别】ERROR                                   
【记录时间】2018-06-13 23:03:47,433                                   
【线程编号】[22]                                   
【执行时间】[37905]毫秒                                   
【出错文件】E:\pzh\CSharpSource\P2SP\UserComponents\DownLoadService\HttpDownLoadTask.cs                                   
【出错行号】142                                   
【出错的类】logerror 属性[(null)]                                   
【错误描述】121689682,178111826                                   
【错误详情】

＝＝＝＝＝＝＝＝＝＝                                   
【日志级别】ERROR                                   
【记录时间】2018-06-13 23:03:47,434                                   
【线程编号】[27]                                   
【执行时间】[37906]毫秒                                   
【出错文件】E:\pzh\CSharpSource\P2SP\UserComponents\DownLoadService\HttpDownLoadTask.cs                                   
【出错行号】142                                   
【出错的类】logerror 属性[(null)]                                   
【错误描述】183066209,237482435                                   
【错误详情】

＝＝＝＝＝＝＝＝＝＝                                   
【日志级别】ERROR                                   
【记录时间】2018-06-13 23:03:47,437                                   
【线程编号】[25]                                   
【执行时间】[37909]毫秒                                   
【出错文件】E:\pzh\CSharpSource\P2SP\UserComponents\DownLoadService\HttpDownLoadTask.cs                                   
【出错行号】142                                   
【出错的类】logerror 属性[(null)]                                   
【错误描述】66844339,118741217                                   
【错误详情】

＝＝＝＝＝＝＝＝＝＝                                   
【日志级别】ERROR                                   
【记录时间】2018-06-13 23:10:50,242                                   
【线程编号】[15]                                   
【执行时间】[7480]毫秒                                   
【出错文件】E:\pzh\CSharpSource\P2SP\UserComponents\DownLoadService\HttpDownLoadTask.cs                                   
【出错行号】142                                   
【出错的类】logerror 属性[(null)]                                   
【错误描述】124918944,178111826                                   
【错误详情】

＝＝＝＝＝＝＝＝＝＝                                   
【日志级别】ERROR                                   
【记录时间】2018-06-13 23:10:50,243                                   
【线程编号】[14]                                   
【执行时间】[7481]毫秒                                   
【出错文件】E:\pzh\CSharpSource\P2SP\UserComponents\DownLoadService\HttpDownLoadTask.cs                                   
【出错行号】142                                   
【出错的类】logerror 属性[(null)]                                   
【错误描述】15644651,59370608                                   
【错误详情】

＝＝＝＝＝＝＝＝＝＝                                   
【日志级别】ERROR                                   
【记录时间】2018-06-13 23:10:50,243                                   
【线程编号】[16]                                   
【执行时间】[7481]毫秒                                   
【出错文件】E:\pzh\CSharpSource\P2SP\UserComponents\DownLoadService\HttpDownLoadTask.cs                                   
【出错行号】142                                   
【出错的类】logerror 属性[(null)]                                   
【错误描述】66844339,118741217                                   
【错误详情】

＝＝＝＝＝＝＝＝＝＝                                   
【日志级别】ERROR                                   
【记录时间】2018-06-13 23:10:50,242                                   
【线程编号】[17]                                   
【执行时间】[7480]毫秒                                   
【出错文件】E:\pzh\CSharpSource\P2SP\UserComponents\DownLoadService\HttpDownLoadTask.cs                                   
【出错行号】142                                   
【出错的类】logerror 属性[(null)]                                   
【错误描述】183066209,237482435                                   
【错误详情】

＝＝＝＝＝＝＝＝＝＝                                   
【日志级别】ERROR                                   
【记录时间】2018-06-13 23:10:50,243                                   
【线程编号】[18]                                   
【执行时间】[7481]毫秒                                   
【出错文件】E:\pzh\CSharpSource\P2SP\UserComponents\DownLoadService\HttpDownLoadTask.cs                                   
【出错行号】142                                   
【出错的类】logerror 属性[(null)]                                   
【错误描述】251627024,296853042                                   
【错误详情】

＝＝＝＝＝＝＝＝＝＝                                   
【日志级别】ERROR                                   
【记录时间】2018-06-13 23:11:56,528                                   
【线程编号】[22]                                   
【执行时间】[73766]毫秒                                   
【出错文件】E:\pzh\CSharpSource\P2SP\UserComponents\DownLoadService\HttpDownLoadTask.cs                                   
【出错行号】142                                   
【出错的类】logerror 属性[(null)]                                   
【错误描述】15644651,59370608                                   
【错误详情】

＝＝＝＝＝＝＝＝＝＝                                   
【日志级别】ERROR                                   
【记录时间】2018-06-13 23:11:56,529                                   
【线程编号】[24]                                   
【执行时间】[73767]毫秒                                   
【出错文件】E:\pzh\CSharpSource\P2SP\UserComponents\DownLoadService\HttpDownLoadTask.cs                                   
【出错行号】142                                   
【出错的类】logerror 属性[(null)]                                   
【错误描述】127451246,178111826                                   
【错误详情】

＝＝＝＝＝＝＝＝＝＝                                   
【日志级别】ERROR                                   
【记录时间】2018-06-13 23:11:56,529                                   
【线程编号】[26]                                   
【执行时间】[73767]毫秒                                   
【出错文件】E:\pzh\CSharpSource\P2SP\UserComponents\DownLoadService\HttpDownLoadTask.cs                                   
【出错行号】142                                   
【出错的类】logerror 属性[(null)]                                   
【错误描述】66844339,118741217                                   
【错误详情】

＝＝＝＝＝＝＝＝＝＝                                   
【日志级别】ERROR                                   
【记录时间】2018-06-13 23:11:56,534                                   
【线程编号】[25]                                   
【执行时间】[73772]毫秒                                   
【出错文件】E:\pzh\CSharpSource\P2SP\UserComponents\DownLoadService\HttpDownLoadTask.cs                                   
【出错行号】142                                   
【出错的类】logerror 属性[(null)]                                   
【错误描述】185556753,237482435                                   
【错误详情】

＝＝＝＝＝＝＝＝＝＝                                   
【日志级别】ERROR                                   
【记录时间】2018-06-13 23:11:56,557                                   
【线程编号】[23]                                   
【执行时间】[73795]毫秒                                   
【出错文件】E:\pzh\CSharpSource\P2SP\UserComponents\DownLoadService\HttpDownLoadTask.cs                                   
【出错行号】142                                   
【出错的类】logerror 属性[(null)]                                   
【错误描述】251627024,296853042                                   
【错误详情】

＝＝＝＝＝＝＝＝＝＝                                   
【日志级别】ERROR                                   
【记录时间】2018-06-13 23:12:16,512                                   
【线程编号】[22]                                   
【执行时间】[93750]毫秒                                   
【出错文件】E:\pzh\CSharpSource\P2SP\UserComponents\DownLoadService\HttpDownLoadTask.cs                                   
【出错行号】142                                   
【出错的类】logerror 属性[(null)]                                   
【错误描述】77662402,118741217                                   
【错误详情】

＝＝＝＝＝＝＝＝＝＝                                   
【日志级别】ERROR                                   
【记录时间】2018-06-13 23:12:16,513                                   
【线程编号】[26]                                   
【执行时间】[93751]毫秒                                   
【出错文件】E:\pzh\CSharpSource\P2SP\UserComponents\DownLoadService\HttpDownLoadTask.cs                                   
【出错行号】142                                   
【出错的类】logerror 属性[(null)]                                   
【错误描述】135000508,178111826                                   
【错误详情】

＝＝＝＝＝＝＝＝＝＝                                   
【日志级别】ERROR                                   
【记录时间】2018-06-13 23:12:16,515                                   
【线程编号】[21]                                   
【执行时间】[93753]毫秒                                   
【出错文件】E:\pzh\CSharpSource\P2SP\UserComponents\DownLoadService\HttpDownLoadTask.cs                                   
【出错行号】142                                   
【出错的类】logerror 属性[(null)]                                   
【错误描述】15644651,59370608                                   
【错误详情】

＝＝＝＝＝＝＝＝＝＝                                   
【日志级别】ERROR                                   
【记录时间】2018-06-13 23:12:16,520                                   
【线程编号】[25]                                   
【执行时间】[93758]毫秒                                   
【出错文件】E:\pzh\CSharpSource\P2SP\UserComponents\DownLoadService\HttpDownLoadTask.cs                                   
【出错行号】142                                   
【出错的类】logerror 属性[(null)]                                   
【错误描述】185556753,237482435                                   
【错误详情】

＝＝＝＝＝＝＝＝＝＝                                   
【日志级别】ERROR                                   
【记录时间】2018-06-13 23:12:16,521                                   
【线程编号】[23]                                   
【执行时间】[93759]毫秒                                   
【出错文件】E:\pzh\CSharpSource\P2SP\UserComponents\DownLoadService\HttpDownLoadTask.cs                                   
【出错行号】142                                   
【出错的类】logerror 属性[(null)]                                   
【错误描述】251627024,296853042                                   
【错误详情】

＝＝＝＝＝＝＝＝＝＝                                   
【日志级别】ERROR                                   
【记录时间】2018-06-13 23:13:31,636                                   
【线程编号】[23]                                   
【执行时间】[168873]毫秒                                   
【出错文件】E:\pzh\CSharpSource\P2SP\UserComponents\DownLoadService\HttpDownLoadTask.cs                                   
【出错行号】179                                   
【出错的类】logerror 属性[(null)]                                   
【错误描述】System.IO.IOException: 无法从传输连接中读取数据: 你的主机中的软件中止了一个已建立的连接。。 ---> System.Net.Sockets.SocketException: 你的主机中的软件中止了一个已建立的连接。
   在 System.Net.Sockets.Socket.Receive(Byte[] buffer, Int32 offset, Int32 size, SocketFlags socketFlags)
   在 System.Net.Sockets.NetworkStream.Read(Byte[] buffer, Int32 offset, Int32 size)
   --- 内部异常堆栈跟踪的结尾 ---
   在 System.Net.ConnectStream.Read(Byte[] buffer, Int32 offset, Int32 size)
   在 UserComponents.DownLoadService.HttpDownLoadTask.StartOneThread(Object state) 位置 E:\pzh\CSharpSource\P2SP\UserComponents\DownLoadService\HttpDownLoadTask.cs:行号 152                                   
【错误详情】

＝＝＝＝＝＝＝＝＝＝                                   
【日志级别】ERROR                                   
【记录时间】2018-06-13 23:13:31,648                                   
【线程编号】[25]                                   
【执行时间】[168885]毫秒                                   
【出错文件】E:\pzh\CSharpSource\P2SP\UserComponents\DownLoadService\HttpDownLoadTask.cs                                   
【出错行号】179                                   
【出错的类】logerror 属性[(null)]                                   
【错误描述】System.IO.IOException: 无法从传输连接中读取数据: 你的主机中的软件中止了一个已建立的连接。。 ---> System.Net.Sockets.SocketException: 你的主机中的软件中止了一个已建立的连接。
   在 System.Net.Sockets.Socket.Receive(Byte[] buffer, Int32 offset, Int32 size, SocketFlags socketFlags)
   在 System.Net.Sockets.NetworkStream.Read(Byte[] buffer, Int32 offset, Int32 size)
   --- 内部异常堆栈跟踪的结尾 ---
   在 System.Net.ConnectStream.Read(Byte[] buffer, Int32 offset, Int32 size)
   在 UserComponents.DownLoadService.HttpDownLoadTask.StartOneThread(Object state) 位置 E:\pzh\CSharpSource\P2SP\UserComponents\DownLoadService\HttpDownLoadTask.cs:行号 152                                   
【错误详情】

＝＝＝＝＝＝＝＝＝＝                                   
【日志级别】ERROR                                   
【记录时间】2018-06-13 23:19:27,248                                   
【线程编号】[17]                                   
【执行时间】[5795]毫秒                                   
【出错文件】E:\pzh\CSharpSource\P2SP\UserComponents\DownLoadService\HttpDownLoadTask.cs                                   
【出错行号】142                                   
【出错的类】logerror 属性[(null)]                                   
【错误描述】214491679,237482435                                   
【错误详情】

＝＝＝＝＝＝＝＝＝＝                                   
【日志级别】ERROR                                   
【记录时间】2018-06-13 23:19:27,248                                   
【线程编号】[19]                                   
【执行时间】[5795]毫秒                                   
【出错文件】E:\pzh\CSharpSource\P2SP\UserComponents\DownLoadService\HttpDownLoadTask.cs                                   
【出错行号】142                                   
【出错的类】logerror 属性[(null)]                                   
【错误描述】265821320,296853042                                   
【错误详情】

＝＝＝＝＝＝＝＝＝＝                                   
【日志级别】ERROR                                   
【记录时间】2018-06-13 23:19:44,765                                   
【线程编号】[12]                                   
【执行时间】[23312]毫秒                                   
【出错文件】E:\pzh\CSharpSource\P2SP\UserComponents\DownLoadService\HttpDownLoadTask.cs                                   
【出错行号】124                                   
【出错的类】logerror 属性[(null)]                                   
【错误描述】System.InvalidOperationException: 线程间操作无效: 从不是创建控件“lblStatus”的线程访问它。
   在 System.Windows.Forms.Control.get_Handle()
   在 System.Windows.Forms.Control.set_WindowText(String value)
   在 System.Windows.Forms.Control.set_Text(String value)
   在 DevExpress.XtraEditors.LabelControl.set_Text(String value)
   在 UserComponents.FlashDownLoadComp.DownLoadTaskItem.SetItemStatus() 位置 E:\pzh\CSharpSource\P2SP\UserComponents\FlashDownLoadComp\DownLoadTaskItem.cs:行号 109
   在 UserComponents.FlashDownLoadComp.TaskItem.set_ItemStatus(TaskStatus value) 位置 E:\pzh\CSharpSource\P2SP\UserComponents\FlashDownLoadComp\TaskItem.cs:行号 161
   在 FlashDownLoad.DownLoadForm.Task_TaskFinish(Object sender, TaskFinishEventArgs e) 位置 E:\pzh\CSharpSource\P2SP\FlashDownLoad\DownLoadForm.cs:行号 480
   在 UserComponents.DownLoadService.DownLoadTask.OnTaskFinish(TaskFinishEventArgs e) 位置 E:\pzh\CSharpSource\P2SP\UserComponents\DownLoadService\DownLoadTask.cs:行号 562
   在 UserComponents.DownLoadService.HttpDownLoadTask.AsyncStart() 位置 E:\pzh\CSharpSource\P2SP\UserComponents\DownLoadService\HttpDownLoadTask.cs:行号 119                                   
【错误详情】

＝＝＝＝＝＝＝＝＝＝                                   
【日志级别】ERROR                                   
【记录时间】2018-06-13 23:23:15,734                                   
【线程编号】[19]                                   
【执行时间】[13718]毫秒                                   
【出错文件】E:\pzh\CSharpSource\P2SP\UserComponents\DownLoadService\HttpDownLoadTask.cs                                   
【出错行号】142                                   
【出错的类】logerror 属性[(null)]                                   
【错误描述】19567560,24459446                                   
【错误详情】

＝＝＝＝＝＝＝＝＝＝                                   
【日志级别】ERROR                                   
【记录时间】2018-06-13 23:23:15,735                                   
【线程编号】[16]                                   
【执行时间】[13718]毫秒                                   
【出错文件】E:\pzh\CSharpSource\P2SP\UserComponents\DownLoadService\HttpDownLoadTask.cs                                   
【出错行号】142                                   
【出错的类】logerror 属性[(null)]                                   
【错误描述】4891890,9783779                                   
【错误详情】

＝＝＝＝＝＝＝＝＝＝                                   
【日志级别】ERROR                                   
【记录时间】2018-06-13 23:23:15,734                                   
【线程编号】[18]                                   
【执行时间】[13718]毫秒                                   
【出错文件】E:\pzh\CSharpSource\P2SP\UserComponents\DownLoadService\HttpDownLoadTask.cs                                   
【出错行号】142                                   
【出错的类】logerror 属性[(null)]                                   
【错误描述】14675670,19567559                                   
【错误详情】

＝＝＝＝＝＝＝＝＝＝                                   
【日志级别】ERROR                                   
【记录时间】2018-06-13 23:23:15,735                                   
【线程编号】[20]                                   
【执行时间】[13718]毫秒                                   
【出错文件】E:\pzh\CSharpSource\P2SP\UserComponents\DownLoadService\HttpDownLoadTask.cs                                   
【出错行号】142                                   
【出错的类】logerror 属性[(null)]                                   
【错误描述】9783780,14675669                                   
【错误详情】

＝＝＝＝＝＝＝＝＝＝                                   
【日志级别】ERROR                                   
【记录时间】2018-06-13 23:23:15,735                                   
【线程编号】[17]                                   
【执行时间】[13719]毫秒                                   
【出错文件】E:\pzh\CSharpSource\P2SP\UserComponents\DownLoadService\HttpDownLoadTask.cs                                   
【出错行号】142                                   
【出错的类】logerror 属性[(null)]                                   
【错误描述】0,4891889                                   
【错误详情】

＝＝＝＝＝＝＝＝＝＝                                   
【日志级别】ERROR                                   
【记录时间】2018-06-13 23:23:50,697                                   
【线程编号】[19]                                   
【执行时间】[48681]毫秒                                   
【出错文件】E:\pzh\CSharpSource\P2SP\UserComponents\DownLoadService\HttpDownLoadTask.cs                                   
【出错行号】142                                   
【出错的类】logerror 属性[(null)]                                   
【错误描述】0,59370608                                   
【错误详情】

＝＝＝＝＝＝＝＝＝＝                                   
【日志级别】ERROR                                   
【记录时间】2018-06-13 23:23:50,698                                   
【线程编号】[18]                                   
【执行时间】[48682]毫秒                                   
【出错文件】E:\pzh\CSharpSource\P2SP\UserComponents\DownLoadService\HttpDownLoadTask.cs                                   
【出错行号】142                                   
【出错的类】logerror 属性[(null)]                                   
【错误描述】59370609,118741217                                   
【错误详情】

＝＝＝＝＝＝＝＝＝＝                                   
【日志级别】ERROR                                   
【记录时间】2018-06-13 23:23:50,721                                   
【线程编号】[17]                                   
【执行时间】[48705]毫秒                                   
【出错文件】E:\pzh\CSharpSource\P2SP\UserComponents\DownLoadService\HttpDownLoadTask.cs                                   
【出错行号】142                                   
【出错的类】logerror 属性[(null)]                                   
【错误描述】178111827,237482435                                   
【错误详情】

＝＝＝＝＝＝＝＝＝＝                                   
【日志级别】ERROR                                   
【记录时间】2018-06-13 23:23:50,722                                   
【线程编号】[20]                                   
【执行时间】[48706]毫秒                                   
【出错文件】E:\pzh\CSharpSource\P2SP\UserComponents\DownLoadService\HttpDownLoadTask.cs                                   
【出错行号】142                                   
【出错的类】logerror 属性[(null)]                                   
【错误描述】237482436,296853042                                   
【错误详情】

＝＝＝＝＝＝＝＝＝＝                                   
【日志级别】ERROR                                   
【记录时间】2018-06-13 23:23:50,721                                   
【线程编号】[16]                                   
【执行时间】[48705]毫秒                                   
【出错文件】E:\pzh\CSharpSource\P2SP\UserComponents\DownLoadService\HttpDownLoadTask.cs                                   
【出错行号】142                                   
【出错的类】logerror 属性[(null)]                                   
【错误描述】118741218,178111826                                   
【错误详情】

＝＝＝＝＝＝＝＝＝＝                                   
【日志级别】ERROR                                   
【记录时间】2018-06-13 23:32:08,585                                   
【线程编号】[14]                                   
【执行时间】[7735]毫秒                                   
【出错文件】E:\pzh\CSharpSource\P2SP\UserComponents\DownLoadService\HttpDownLoadTask.cs                                   
【出错行号】141                                   
【出错的类】logerror 属性[(null)]                                   
【错误描述】9569593,59370608                                   
【错误详情】

＝＝＝＝＝＝＝＝＝＝                                   
【日志级别】ERROR                                   
【记录时间】2018-06-13 23:32:08,586                                   
【线程编号】[15]                                   
【执行时间】[7736]毫秒                                   
【出错文件】E:\pzh\CSharpSource\P2SP\UserComponents\DownLoadService\HttpDownLoadTask.cs                                   
【出错行号】141                                   
【出错的类】logerror 属性[(null)]                                   
【错误描述】178111827,237482435                                   
【错误详情】

＝＝＝＝＝＝＝＝＝＝                                   
【日志级别】ERROR                                   
【记录时间】2018-06-13 23:32:08,587                                   
【线程编号】[16]                                   
【执行时间】[7737]毫秒                                   
【出错文件】E:\pzh\CSharpSource\P2SP\UserComponents\DownLoadService\HttpDownLoadTask.cs                                   
【出错行号】141                                   
【出错的类】logerror 属性[(null)]                                   
【错误描述】237482436,296853042                                   
【错误详情】

＝＝＝＝＝＝＝＝＝＝                                   
【日志级别】ERROR                                   
【记录时间】2018-06-13 23:32:08,586                                   
【线程编号】[17]                                   
【执行时间】[7736]毫秒                                   
【出错文件】E:\pzh\CSharpSource\P2SP\UserComponents\DownLoadService\HttpDownLoadTask.cs                                   
【出错行号】141                                   
【出错的类】logerror 属性[(null)]                                   
【错误描述】118741218,178111826                                   
【错误详情】

＝＝＝＝＝＝＝＝＝＝                                   
【日志级别】ERROR                                   
【记录时间】2018-06-13 23:32:08,586                                   
【线程编号】[18]                                   
【执行时间】[7736]毫秒                                   
【出错文件】E:\pzh\CSharpSource\P2SP\UserComponents\DownLoadService\HttpDownLoadTask.cs                                   
【出错行号】141                                   
【出错的类】logerror 属性[(null)]                                   
【错误描述】68724194,118741217                                   
【错误详情】

＝＝＝＝＝＝＝＝＝＝                                   
【日志级别】ERROR                                   
【记录时间】2018-06-13 23:35:06,209                                   
【线程编号】[15]                                   
【执行时间】[17772]毫秒                                   
【出错文件】E:\pzh\CSharpSource\P2SP\UserComponents\DownLoadService\HttpDownLoadTask.cs                                   
【出错行号】141                                   
【出错的类】logerror 属性[(null)]                                   
【错误描述】0,59370608                                   
【错误详情】

＝＝＝＝＝＝＝＝＝＝                                   
【日志级别】ERROR                                   
【记录时间】2018-06-13 23:35:06,209                                   
【线程编号】[18]                                   
【执行时间】[17772]毫秒                                   
【出错文件】E:\pzh\CSharpSource\P2SP\UserComponents\DownLoadService\HttpDownLoadTask.cs                                   
【出错行号】141                                   
【出错的类】logerror 属性[(null)]                                   
【错误描述】118741218,178111826                                   
【错误详情】

＝＝＝＝＝＝＝＝＝＝                                   
【日志级别】ERROR                                   
【记录时间】2018-06-13 23:35:06,209                                   
【线程编号】[17]                                   
【执行时间】[17772]毫秒                                   
【出错文件】E:\pzh\CSharpSource\P2SP\UserComponents\DownLoadService\HttpDownLoadTask.cs                                   
【出错行号】141                                   
【出错的类】logerror 属性[(null)]                                   
【错误描述】237482436,296853042                                   
【错误详情】

＝＝＝＝＝＝＝＝＝＝                                   
【日志级别】ERROR                                   
【记录时间】2018-06-13 23:35:06,210                                   
【线程编号】[19]                                   
【执行时间】[17773]毫秒                                   
【出错文件】E:\pzh\CSharpSource\P2SP\UserComponents\DownLoadService\HttpDownLoadTask.cs                                   
【出错行号】141                                   
【出错的类】logerror 属性[(null)]                                   
【错误描述】178111827,237482435                                   
【错误详情】

＝＝＝＝＝＝＝＝＝＝                                   
【日志级别】ERROR                                   
【记录时间】2018-06-13 23:35:06,210                                   
【线程编号】[16]                                   
【执行时间】[17773]毫秒                                   
【出错文件】E:\pzh\CSharpSource\P2SP\UserComponents\DownLoadService\HttpDownLoadTask.cs                                   
【出错行号】141                                   
【出错的类】logerror 属性[(null)]                                   
【错误描述】59370609,118741217                                   
【错误详情】

＝＝＝＝＝＝＝＝＝＝                                   
【日志级别】ERROR                                   
【记录时间】2018-06-13 23:35:24,335                                   
【线程编号】[13]                                   
【执行时间】[35898]毫秒                                   
【出错文件】E:\pzh\CSharpSource\P2SP\UserComponents\DownLoadService\HttpDownLoadTask.cs                                   
【出错行号】141                                   
【出错的类】logerror 属性[(null)]                                   
【错误描述】2557335,59370608                                   
【错误详情】

＝＝＝＝＝＝＝＝＝＝                                   
【日志级别】ERROR                                   
【记录时间】2018-06-13 23:35:24,336                                   
【线程编号】[18]                                   
【执行时间】[35899]毫秒                                   
【出错文件】E:\pzh\CSharpSource\P2SP\UserComponents\DownLoadService\HttpDownLoadTask.cs                                   
【出错行号】141                                   
【出错的类】logerror 属性[(null)]                                   
【错误描述】178111827,237482435                                   
【错误详情】

＝＝＝＝＝＝＝＝＝＝                                   
【日志级别】ERROR                                   
【记录时间】2018-06-13 23:35:24,337                                   
【线程编号】[16]                                   
【执行时间】[35900]毫秒                                   
【出错文件】E:\pzh\CSharpSource\P2SP\UserComponents\DownLoadService\HttpDownLoadTask.cs                                   
【出错行号】141                                   
【出错的类】logerror 属性[(null)]                                   
【错误描述】120228080,178111826                                   
【错误详情】

＝＝＝＝＝＝＝＝＝＝                                   
【日志级别】ERROR                                   
【记录时间】2018-06-13 23:35:24,343                                   
【线程编号】[15]                                   
【执行时间】[35906]毫秒                                   
【出错文件】E:\pzh\CSharpSource\P2SP\UserComponents\DownLoadService\HttpDownLoadTask.cs                                   
【出错行号】141                                   
【出错的类】logerror 属性[(null)]                                   
【错误描述】59370609,118741217                                   
【错误详情】

＝＝＝＝＝＝＝＝＝＝                                   
【日志级别】ERROR                                   
【记录时间】2018-06-13 23:35:24,343                                   
【线程编号】[20]                                   
【执行时间】[35906]毫秒                                   
【出错文件】E:\pzh\CSharpSource\P2SP\UserComponents\DownLoadService\HttpDownLoadTask.cs                                   
【出错行号】141                                   
【出错的类】logerror 属性[(null)]                                   
【错误描述】237482436,296853042                                   
【错误详情】

＝＝＝＝＝＝＝＝＝＝                                   
【日志级别】ERROR                                   
【记录时间】2018-06-13 23:35:32,947                                   
【线程编号】[18]                                   
【执行时间】[44510]毫秒                                   
【出错文件】E:\pzh\CSharpSource\P2SP\UserComponents\DownLoadService\HttpDownLoadTask.cs                                   
【出错行号】141                                   
【出错的类】logerror 属性[(null)]                                   
【错误描述】59370609,118741217                                   
【错误详情】

＝＝＝＝＝＝＝＝＝＝                                   
【日志级别】ERROR                                   
【记录时间】2018-06-13 23:35:32,948                                   
【线程编号】[20]                                   
【执行时间】[44511]毫秒                                   
【出错文件】E:\pzh\CSharpSource\P2SP\UserComponents\DownLoadService\HttpDownLoadTask.cs                                   
【出错行号】141                                   
【出错的类】logerror 属性[(null)]                                   
【错误描述】237482436,296853042                                   
【错误详情】

＝＝＝＝＝＝＝＝＝＝                                   
【日志级别】ERROR                                   
【记录时间】2018-06-13 23:35:32,954                                   
【线程编号】[16]                                   
【执行时间】[44517]毫秒                                   
【出错文件】E:\pzh\CSharpSource\P2SP\UserComponents\DownLoadService\HttpDownLoadTask.cs                                   
【出错行号】141                                   
【出错的类】logerror 属性[(null)]                                   
【错误描述】7174762,59370608                                   
【错误详情】

＝＝＝＝＝＝＝＝＝＝                                   
【日志级别】ERROR                                   
【记录时间】2018-06-13 23:35:32,955                                   
【线程编号】[17]                                   
【执行时间】[44518]毫秒                                   
【出错文件】E:\pzh\CSharpSource\P2SP\UserComponents\DownLoadService\HttpDownLoadTask.cs                                   
【出错行号】141                                   
【出错的类】logerror 属性[(null)]                                   
【错误描述】182850211,237482435                                   
【错误详情】

＝＝＝＝＝＝＝＝＝＝                                   
【日志级别】ERROR                                   
【记录时间】2018-06-13 23:35:32,955                                   
【线程编号】[13]                                   
【执行时间】[44518]毫秒                                   
【出错文件】E:\pzh\CSharpSource\P2SP\UserComponents\DownLoadService\HttpDownLoadTask.cs                                   
【出错行号】141                                   
【出错的类】logerror 属性[(null)]                                   
【错误描述】120228080,178111826                                   
【错误详情】

＝＝＝＝＝＝＝＝＝＝                                   
【日志级别】ERROR                                   
【记录时间】2018-06-13 23:35:38,814                                   
【线程编号】[13]                                   
【执行时间】[50377]毫秒                                   
【出错文件】E:\pzh\CSharpSource\P2SP\UserComponents\DownLoadService\HttpDownLoadTask.cs                                   
【出错行号】141                                   
【出错的类】logerror 属性[(null)]                                   
【错误描述】7174762,59370608                                   
【错误详情】

＝＝＝＝＝＝＝＝＝＝                                   
【日志级别】ERROR                                   
【记录时间】2018-06-13 23:35:38,814                                   
【线程编号】[15]                                   
【执行时间】[50377]毫秒                                   
【出错文件】E:\pzh\CSharpSource\P2SP\UserComponents\DownLoadService\HttpDownLoadTask.cs                                   
【出错行号】141                                   
【出错的类】logerror 属性[(null)]                                   
【错误描述】60393794,118741217                                   
【错误详情】

＝＝＝＝＝＝＝＝＝＝                                   
【日志级别】ERROR                                   
【记录时间】2018-06-13 23:35:38,822                                   
【线程编号】[18]                                   
【执行时间】[50385]毫秒                                   
【出错文件】E:\pzh\CSharpSource\P2SP\UserComponents\DownLoadService\HttpDownLoadTask.cs                                   
【出错行号】141                                   
【出错的类】logerror 属性[(null)]                                   
【错误描述】120228080,178111826                                   
【错误详情】

＝＝＝＝＝＝＝＝＝＝                                   
【日志级别】ERROR                                   
【记录时间】2018-06-13 23:35:38,822                                   
【线程编号】[16]                                   
【执行时间】[50385]毫秒                                   
【出错文件】E:\pzh\CSharpSource\P2SP\UserComponents\DownLoadService\HttpDownLoadTask.cs                                   
【出错行号】141                                   
【出错的类】logerror 属性[(null)]                                   
【错误描述】238563220,296853042                                   
【错误详情】

＝＝＝＝＝＝＝＝＝＝                                   
【日志级别】ERROR                                   
【记录时间】2018-06-13 23:35:38,823                                   
【线程编号】[19]                                   
【执行时间】[50386]毫秒                                   
【出错文件】E:\pzh\CSharpSource\P2SP\UserComponents\DownLoadService\HttpDownLoadTask.cs                                   
【出错行号】141                                   
【出错的类】logerror 属性[(null)]                                   
【错误描述】182850211,237482435                                   
【错误详情】

＝＝＝＝＝＝＝＝＝＝                                   
【日志级别】ERROR                                   
【记录时间】2018-06-13 23:35:47,049                                   
【线程编号】[19]                                   
【执行时间】[58612]毫秒                                   
【出错文件】E:\pzh\CSharpSource\P2SP\UserComponents\DownLoadService\HttpDownLoadTask.cs                                   
【出错行号】141                                   
【出错的类】logerror 属性[(null)]                                   
【错误描述】182850211,237482435                                   
【错误详情】

＝＝＝＝＝＝＝＝＝＝                                   
【日志级别】ERROR                                   
【记录时间】2018-06-13 23:35:47,050                                   
【线程编号】[16]                                   
【执行时间】[58613]毫秒                                   
【出错文件】E:\pzh\CSharpSource\P2SP\UserComponents\DownLoadService\HttpDownLoadTask.cs                                   
【出错行号】141                                   
【出错的类】logerror 属性[(null)]                                   
【错误描述】120228080,178111826                                   
【错误详情】

＝＝＝＝＝＝＝＝＝＝                                   
【日志级别】ERROR                                   
【记录时间】2018-06-13 23:35:47,052                                   
【线程编号】[13]                                   
【执行时间】[58615]毫秒                                   
【出错文件】E:\pzh\CSharpSource\P2SP\UserComponents\DownLoadService\HttpDownLoadTask.cs                                   
【出错行号】141                                   
【出错的类】logerror 属性[(null)]                                   
【错误描述】9348509,59370608                                   
【错误详情】

＝＝＝＝＝＝＝＝＝＝                                   
【日志级别】ERROR                                   
【记录时间】2018-06-13 23:35:47,052                                   
【线程编号】[15]                                   
【执行时间】[58615]毫秒                                   
【出错文件】E:\pzh\CSharpSource\P2SP\UserComponents\DownLoadService\HttpDownLoadTask.cs                                   
【出错行号】141                                   
【出错的类】logerror 属性[(null)]                                   
【错误描述】63075859,118741217                                   
【错误详情】

＝＝＝＝＝＝＝＝＝＝                                   
【日志级别】ERROR                                   
【记录时间】2018-06-13 23:35:47,058                                   
【线程编号】[20]                                   
【执行时间】[58621]毫秒                                   
【出错文件】E:\pzh\CSharpSource\P2SP\UserComponents\DownLoadService\HttpDownLoadTask.cs                                   
【出错行号】141                                   
【出错的类】logerror 属性[(null)]                                   
【错误描述】238563220,296853042                                   
【错误详情】

＝＝＝＝＝＝＝＝＝＝                                   
【日志级别】ERROR                                   
【记录时间】2018-06-13 23:37:27,076                                   
【线程编号】[15]                                   
【执行时间】[158639]毫秒                                   
【出错文件】E:\pzh\CSharpSource\P2SP\UserComponents\DownLoadService\HttpDownLoadTask.cs                                   
【出错行号】178                                   
【出错的类】logerror 属性[(null)]                                   
【错误描述】System.Net.WebException: 操作超时
   在 System.Net.HttpWebRequest.GetResponse()
   在 UserComponents.DownLoadService.HttpDownLoadTask.StartOneThread(Object state) 位置 E:\pzh\CSharpSource\P2SP\UserComponents\DownLoadService\HttpDownLoadTask.cs:行号 144                                   
【错误详情】

＝＝＝＝＝＝＝＝＝＝                                   
【日志级别】ERROR                                   
【记录时间】2018-06-13 23:37:27,090                                   
【线程编号】[20]                                   
【执行时间】[158653]毫秒                                   
【出错文件】E:\pzh\CSharpSource\P2SP\UserComponents\DownLoadService\HttpDownLoadTask.cs                                   
【出错行号】178                                   
【出错的类】logerror 属性[(null)]                                   
【错误描述】System.Net.WebException: 操作超时
   在 System.Net.HttpWebRequest.GetResponse()
   在 UserComponents.DownLoadService.HttpDownLoadTask.StartOneThread(Object state) 位置 E:\pzh\CSharpSource\P2SP\UserComponents\DownLoadService\HttpDownLoadTask.cs:行号 144                                   
【错误详情】

＝＝＝＝＝＝＝＝＝＝                                   
【日志级别】ERROR                                   
【记录时间】2018-06-13 23:39:50,316                                   
【线程编号】[19]                                   
【执行时间】[301879]毫秒                                   
【出错文件】E:\pzh\CSharpSource\P2SP\UserComponents\DownLoadService\HttpDownLoadTask.cs                                   
【出错行号】141                                   
【出错的类】logerror 属性[(null)]                                   
【错误描述】0,59370608                                   
【错误详情】

＝＝＝＝＝＝＝＝＝＝                                   
【日志级别】ERROR                                   
【记录时间】2018-06-13 23:39:50,318                                   
【线程编号】[17]                                   
【执行时间】[301881]毫秒                                   
【出错文件】E:\pzh\CSharpSource\P2SP\UserComponents\DownLoadService\HttpDownLoadTask.cs                                   
【出错行号】141                                   
【出错的类】logerror 属性[(null)]                                   
【错误描述】59370609,118741217                                   
【错误详情】

＝＝＝＝＝＝＝＝＝＝                                   
【日志级别】ERROR                                   
【记录时间】2018-06-13 23:39:50,339                                   
【线程编号】[15]                                   
【执行时间】[301902]毫秒                                   
【出错文件】E:\pzh\CSharpSource\P2SP\UserComponents\DownLoadService\HttpDownLoadTask.cs                                   
【出错行号】141                                   
【出错的类】logerror 属性[(null)]                                   
【错误描述】118741218,178111826                                   
【错误详情】

＝＝＝＝＝＝＝＝＝＝                                   
【日志级别】ERROR                                   
【记录时间】2018-06-13 23:39:50,340                                   
【线程编号】[16]                                   
【执行时间】[301903]毫秒                                   
【出错文件】E:\pzh\CSharpSource\P2SP\UserComponents\DownLoadService\HttpDownLoadTask.cs                                   
【出错行号】141                                   
【出错的类】logerror 属性[(null)]                                   
【错误描述】178111827,237482435                                   
【错误详情】

＝＝＝＝＝＝＝＝＝＝                                   
【日志级别】ERROR                                   
【记录时间】2018-06-13 23:39:51,318                                   
【线程编号】[14]                                   
【执行时间】[302881]毫秒                                   
【出错文件】E:\pzh\CSharpSource\P2SP\UserComponents\DownLoadService\HttpDownLoadTask.cs                                   
【出错行号】141                                   
【出错的类】logerror 属性[(null)]                                   
【错误描述】237482436,296853042                                   
【错误详情】
